<?xml version="1.0" encoding="UTF-8" ?>
<testsuite tests="1" failures="0" name="com.cici.flink.AppTest" time="0.002" errors="0" skipped="0">
  <properties>
    <property name="java.runtime.name" value="OpenJDK Runtime Environment"/>
    <property name="sun.boot.library.path" value="/nix/store/gfgdwjz0yf2spqgv1kw41bl6113ln2d9-zulu8.54.0.21-ca-jdk-8.0.292/zulu-8.jdk/Contents/Home/jre/lib"/>
    <property name="java.vm.version" value="25.292-b10"/>
    <property name="user.country.format" value="SG"/>
    <property name="gopherProxySet" value="false"/>
    <property name="jdk.vendor.version" value="Zulu 8.54.0.21-CA-macosx"/>
    <property name="java.vm.vendor" value="Azul Systems, Inc."/>
    <property name="maven.multiModuleProjectDirectory" value="/Users/cici/code/github/flinktest"/>
    <property name="java.vendor.url" value="http://www.azulsystems.com/"/>
    <property name="path.separator" value=":"/>
    <property name="guice.disable.misplaced.annotation.check" value="true"/>
    <property name="java.vm.name" value="OpenJDK 64-Bit Server VM"/>
    <property name="file.encoding.pkg" value="sun.io"/>
    <property name="user.country" value="GB"/>
    <property name="sun.java.launcher" value="SUN_STANDARD"/>
    <property name="sun.os.patch.level" value="unknown"/>
    <property name="java.vm.specification.name" value="Java Virtual Machine Specification"/>
    <property name="user.dir" value="/Users/cici/code/github/flinktest"/>
    <property name="java.runtime.version" value="1.8.0_292-b10"/>
    <property name="java.awt.graphicsenv" value="sun.awt.CGraphicsEnvironment"/>
    <property name="java.endorsed.dirs" value="/nix/store/gfgdwjz0yf2spqgv1kw41bl6113ln2d9-zulu8.54.0.21-ca-jdk-8.0.292/zulu-8.jdk/Contents/Home/jre/lib/endorsed"/>
    <property name="os.arch" value="x86_64"/>
    <property name="java.io.tmpdir" value="/var/folders/ml/7977z17d2fz32qb5v0_7x48r0000gn/T/"/>
    <property name="line.separator" value="
"/>
    <property name="java.vm.specification.vendor" value="Oracle Corporation"/>
    <property name="os.name" value="Mac OS X"/>
    <property name="classworlds.conf" value="/nix/store/j8s637ab1xk0k5wbar9rgl8yjqds131z-apache-maven-3.8.6/maven/bin/m2.conf"/>
    <property name="sun.jnu.encoding" value="UTF-8"/>
    <property name="java.library.path" value="/Users/cici/Library/Java/Extensions:/Library/Java/Extensions:/Network/Library/Java/Extensions:/System/Library/Java/Extensions:/usr/lib/java:."/>
    <property name="maven.conf" value="/nix/store/j8s637ab1xk0k5wbar9rgl8yjqds131z-apache-maven-3.8.6/maven/conf"/>
    <property name="java.specification.name" value="Java Platform API Specification"/>
    <property name="java.class.version" value="52.0"/>
    <property name="sun.management.compiler" value="HotSpot 64-Bit Tiered Compilers"/>
    <property name="os.version" value="10.16"/>
    <property name="http.nonProxyHosts" value="local|*.local|169.254/16|*.169.254/16"/>
    <property name="library.jansi.path" value="/nix/store/j8s637ab1xk0k5wbar9rgl8yjqds131z-apache-maven-3.8.6/maven/lib/jansi-native"/>
    <property name="user.home" value="/Users/cici"/>
    <property name="user.timezone" value="Asia/Singapore"/>
    <property name="java.awt.printerjob" value="sun.lwawt.macosx.CPrinterJob"/>
    <property name="java.specification.version" value="1.8"/>
    <property name="file.encoding" value="UTF-8"/>
    <property name="user.name" value="cici"/>
    <property name="java.class.path" value="/nix/store/j8s637ab1xk0k5wbar9rgl8yjqds131z-apache-maven-3.8.6/maven/boot/plexus-classworlds-2.6.0.jar"/>
    <property name="java.vm.specification.version" value="1.8"/>
    <property name="sun.arch.data.model" value="64"/>
    <property name="java.home" value="/nix/store/gfgdwjz0yf2spqgv1kw41bl6113ln2d9-zulu8.54.0.21-ca-jdk-8.0.292/zulu-8.jdk/Contents/Home/jre"/>
    <property name="sun.java.command" value="org.codehaus.plexus.classworlds.launcher.Launcher package"/>
    <property name="java.specification.vendor" value="Oracle Corporation"/>
    <property name="user.language" value="en"/>
    <property name="awt.toolkit" value="sun.lwawt.macosx.LWCToolkit"/>
    <property name="java.vm.info" value="mixed mode"/>
    <property name="java.version" value="1.8.0_292"/>
    <property name="java.ext.dirs" value="/Users/cici/Library/Java/Extensions:/nix/store/gfgdwjz0yf2spqgv1kw41bl6113ln2d9-zulu8.54.0.21-ca-jdk-8.0.292/zulu-8.jdk/Contents/Home/jre/lib/ext:/Library/Java/Extensions:/Network/Library/Java/Extensions:/System/Library/Java/Extensions:/usr/lib/java"/>
    <property name="sun.boot.class.path" value="/nix/store/gfgdwjz0yf2spqgv1kw41bl6113ln2d9-zulu8.54.0.21-ca-jdk-8.0.292/zulu-8.jdk/Contents/Home/jre/lib/resources.jar:/nix/store/gfgdwjz0yf2spqgv1kw41bl6113ln2d9-zulu8.54.0.21-ca-jdk-8.0.292/zulu-8.jdk/Contents/Home/jre/lib/rt.jar:/nix/store/gfgdwjz0yf2spqgv1kw41bl6113ln2d9-zulu8.54.0.21-ca-jdk-8.0.292/zulu-8.jdk/Contents/Home/jre/lib/sunrsasign.jar:/nix/store/gfgdwjz0yf2spqgv1kw41bl6113ln2d9-zulu8.54.0.21-ca-jdk-8.0.292/zulu-8.jdk/Contents/Home/jre/lib/jsse.jar:/nix/store/gfgdwjz0yf2spqgv1kw41bl6113ln2d9-zulu8.54.0.21-ca-jdk-8.0.292/zulu-8.jdk/Contents/Home/jre/lib/jce.jar:/nix/store/gfgdwjz0yf2spqgv1kw41bl6113ln2d9-zulu8.54.0.21-ca-jdk-8.0.292/zulu-8.jdk/Contents/Home/jre/lib/charsets.jar:/nix/store/gfgdwjz0yf2spqgv1kw41bl6113ln2d9-zulu8.54.0.21-ca-jdk-8.0.292/zulu-8.jdk/Contents/Home/jre/lib/jfr.jar:/nix/store/gfgdwjz0yf2spqgv1kw41bl6113ln2d9-zulu8.54.0.21-ca-jdk-8.0.292/zulu-8.jdk/Contents/Home/jre/classes"/>
    <property name="java.vendor" value="Azul Systems, Inc."/>
    <property name="maven.home" value="/nix/store/j8s637ab1xk0k5wbar9rgl8yjqds131z-apache-maven-3.8.6/maven"/>
    <property name="file.separator" value="/"/>
    <property name="java.vendor.url.bug" value="http://www.azulsystems.com/support/"/>
    <property name="sun.cpu.endian" value="little"/>
    <property name="sun.io.unicode.encoding" value="UnicodeBig"/>
    <property name="socksNonProxyHosts" value="local|*.local|169.254/16|*.169.254/16"/>
    <property name="ftp.nonProxyHosts" value="local|*.local|169.254/16|*.169.254/16"/>
    <property name="sun.cpu.isalist" value=""/>
  </properties>
  <testcase classname="com.cici.flink.AppTest" name="shouldAnswerWithTrue" time="0.002"/>
</testsuite>